160108 18:01:42 mysqld_safe Starting mysqld.bin daemon with databases from /opt/bitnami/mysql/data
2016-01-08 18:01:44 0 [Warning] TIMESTAMP with implicit DEFAULT value is deprecated. Please use --explicit_defaults_for_timestamp server option (see documentation for more details).
2016-01-08 18:01:44 0 [Note] /opt/bitnami/mysql/bin/mysqld.bin (mysqld 5.6.28) starting as process 1947 ...
2016-01-08 18:01:44 1947 [Note] Plugin 'FEDERATED' is disabled.
2016-01-08 18:01:44 1947 [Note] InnoDB: Using atomics to ref count buffer pool pages
2016-01-08 18:01:44 1947 [Note] InnoDB: The InnoDB memory heap is disabled
2016-01-08 18:01:44 1947 [Note] InnoDB: Mutexes and rw_locks use GCC atomic builtins
2016-01-08 18:01:44 1947 [Note] InnoDB: Memory barrier is not used
2016-01-08 18:01:44 1947 [Note] InnoDB: Compressed tables use zlib 1.2.3
2016-01-08 18:01:44 1947 [Note] InnoDB: Using Linux native AIO
2016-01-08 18:01:45 1947 [Note] InnoDB: Using CPU crc32 instructions
2016-01-08 18:01:45 1947 [Note] InnoDB: Initializing buffer pool, size = 256.0M
2016-01-08 18:01:45 1947 [Note] InnoDB: Completed initialization of buffer pool
2016-01-08 18:01:45 1947 [Note] InnoDB: Highest supported file format is Barracuda.
2016-01-08 18:01:46 1947 [Note] InnoDB: 128 rollback segment(s) are active.
2016-01-08 18:01:46 1947 [Note] InnoDB: Waiting for purge to start
2016-01-08 18:01:46 1947 [Note] InnoDB: 5.6.28 started; log sequence number 2383497
2016-01-08 18:01:47 1947 [Note] Server hostname (bind-address): '127.0.0.1'; port: 3306
2016-01-08 18:01:47 1947 [Note]   - '127.0.0.1' resolves to '127.0.0.1';
2016-01-08 18:01:47 1947 [Note] Server socket created on IP: '127.0.0.1'.
2016-01-08 18:01:48 1947 [Note] Event Scheduler: Loaded 0 events
2016-01-08 18:01:48 1947 [Note] /opt/bitnami/mysql/bin/mysqld.bin: ready for connections.
Version: '5.6.28'  socket: '/opt/bitnami/mysql/tmp/mysql.sock'  port: 3306  MySQL Community Server (GPL)
2016-01-08 21:02:34 1947 [Note] /opt/bitnami/mysql/bin/mysqld.bin: Normal shutdown

2016-01-08 21:02:34 1947 [Note] Giving 0 client threads a chance to die gracefully
2016-01-08 21:02:34 1947 [Note] Event Scheduler: Purging the queue. 0 events
2016-01-08 21:02:34 1947 [Note] Shutting down slave threads
2016-01-08 21:02:34 1947 [Note] Forcefully disconnecting 0 remaining clients
2016-01-08 21:02:34 1947 [Note] Binlog end
2016-01-08 21:02:34 1947 [Note] Shutting down plugin 'partition'
2016-01-08 21:02:34 1947 [Note] Shutting down plugin 'ARCHIVE'
2016-01-08 21:02:34 1947 [Note] Shutting down plugin 'BLACKHOLE'
2016-01-08 21:02:34 1947 [Note] Shutting down plugin 'INNODB_SYS_DATAFILES'
2016-01-08 21:02:34 1947 [Note] Shutting down plugin 'INNODB_SYS_TABLESPACES'
2016-01-08 21:02:34 1947 [Note] Shutting down plugin 'INNODB_SYS_FOREIGN_COLS'
2016-01-08 21:02:34 1947 [Note] Shutting down plugin 'INNODB_SYS_FOREIGN'
2016-01-08 21:02:34 1947 [Note] Shutting down plugin 'INNODB_SYS_FIELDS'
2016-01-08 21:02:34 1947 [Note] Shutting down plugin 'INNODB_SYS_COLUMNS'
2016-01-08 21:02:34 1947 [Note] Shutting down plugin 'INNODB_SYS_INDEXES'
2016-01-08 21:02:34 1947 [Note] Shutting down plugin 'INNODB_SYS_TABLESTATS'
2016-01-08 21:02:34 1947 [Note] Shutting down plugin 'INNODB_SYS_TABLES'
2016-01-08 21:02:34 1947 [Note] Shutting down plugin 'INNODB_FT_INDEX_TABLE'
2016-01-08 21:02:34 1947 [Note] Shutting down plugin 'INNODB_FT_INDEX_CACHE'
2016-01-08 21:02:34 1947 [Note] Shutting down plugin 'INNODB_FT_CONFIG'
2016-01-08 21:02:34 1947 [Note] Shutting down plugin 'INNODB_FT_BEING_DELETED'
2016-01-08 21:02:34 1947 [Note] Shutting down plugin 'INNODB_FT_DELETED'
2016-01-08 21:02:34 1947 [Note] Shutting down plugin 'INNODB_FT_DEFAULT_STOPWORD'
2016-01-08 21:02:34 1947 [Note] Shutting down plugin 'INNODB_METRICS'
2016-01-08 21:02:34 1947 [Note] Shutting down plugin 'INNODB_BUFFER_POOL_STATS'
2016-01-08 21:02:34 1947 [Note] Shutting down plugin 'INNODB_BUFFER_PAGE_LRU'
2016-01-08 21:02:34 1947 [Note] Shutting down plugin 'INNODB_BUFFER_PAGE'
2016-01-08 21:02:34 1947 [Note] Shutting down plugin 'INNODB_CMP_PER_INDEX_RESET'
2016-01-08 21:02:34 1947 [Note] Shutting down plugin 'INNODB_CMP_PER_INDEX'
2016-01-08 21:02:34 1947 [Note] Shutting down plugin 'INNODB_CMPMEM_RESET'
2016-01-08 21:02:34 1947 [Note] Shutting down plugin 'INNODB_CMPMEM'
2016-01-08 21:02:34 1947 [Note] Shutting down plugin 'INNODB_CMP_RESET'
2016-01-08 21:02:34 1947 [Note] Shutting down plugin 'INNODB_CMP'
2016-01-08 21:02:34 1947 [Note] Shutting down plugin 'INNODB_LOCK_WAITS'
2016-01-08 21:02:34 1947 [Note] Shutting down plugin 'INNODB_LOCKS'
2016-01-08 21:02:34 1947 [Note] Shutting down plugin 'INNODB_TRX'
2016-01-08 21:02:34 1947 [Note] Shutting down plugin 'InnoDB'
2016-01-08 21:02:34 1947 [Note] InnoDB: FTS optimize thread exiting.
2016-01-08 21:02:34 1947 [Note] InnoDB: Starting shutdown...
2016-01-08 21:02:35 1947 [Note] InnoDB: Shutdown completed; log sequence number 8972827
2016-01-08 21:02:35 1947 [Note] Shutting down plugin 'PERFORMANCE_SCHEMA'
2016-01-08 21:02:35 1947 [Note] Shutting down plugin 'CSV'
2016-01-08 21:02:35 1947 [Note] Shutting down plugin 'MEMORY'
2016-01-08 21:02:35 1947 [Note] Shutting down plugin 'MRG_MYISAM'
2016-01-08 21:02:35 1947 [Note] Shutting down plugin 'MyISAM'
2016-01-08 21:02:35 1947 [Note] Shutting down plugin 'sha256_password'
2016-01-08 21:02:35 1947 [Note] Shutting down plugin 'mysql_old_password'
2016-01-08 21:02:35 1947 [Note] Shutting down plugin 'mysql_native_password'
2016-01-08 21:02:35 1947 [Note] Shutting down plugin 'binlog'
2016-01-08 21:02:35 1947 [Note] /opt/bitnami/mysql/bin/mysqld.bin: Shutdown complete

160108 21:02:35 mysqld_safe mysqld from pid file /opt/bitnami/mysql/data/mysqld.pid ended
160108 21:43:57 mysqld_safe Starting mysqld.bin daemon with databases from /opt/bitnami/mysql/data
2016-01-08 21:43:59 0 [Warning] TIMESTAMP with implicit DEFAULT value is deprecated. Please use --explicit_defaults_for_timestamp server option (see documentation for more details).
2016-01-08 21:43:59 0 [Note] /opt/bitnami/mysql/bin/mysqld.bin (mysqld 5.6.28) starting as process 1677 ...
2016-01-08 21:44:00 1677 [Note] Plugin 'FEDERATED' is disabled.
2016-01-08 21:44:00 1677 [Note] InnoDB: Using atomics to ref count buffer pool pages
2016-01-08 21:44:00 1677 [Note] InnoDB: The InnoDB memory heap is disabled
2016-01-08 21:44:00 1677 [Note] InnoDB: Mutexes and rw_locks use GCC atomic builtins
2016-01-08 21:44:00 1677 [Note] InnoDB: Memory barrier is not used
2016-01-08 21:44:00 1677 [Note] InnoDB: Compressed tables use zlib 1.2.3
2016-01-08 21:44:00 1677 [Note] InnoDB: Using Linux native AIO
2016-01-08 21:44:01 1677 [Note] InnoDB: Using CPU crc32 instructions
2016-01-08 21:44:01 1677 [Note] InnoDB: Initializing buffer pool, size = 256.0M
2016-01-08 21:44:01 1677 [Note] InnoDB: Completed initialization of buffer pool
2016-01-08 21:44:01 1677 [Note] InnoDB: Highest supported file format is Barracuda.
2016-01-08 21:44:04 1677 [Note] InnoDB: 128 rollback segment(s) are active.
2016-01-08 21:44:04 1677 [Note] InnoDB: Waiting for purge to start
2016-01-08 21:44:04 1677 [Note] InnoDB: 5.6.28 started; log sequence number 8972827
2016-01-08 21:44:04 1677 [Note] Server hostname (bind-address): '127.0.0.1'; port: 3306
2016-01-08 21:44:04 1677 [Note]   - '127.0.0.1' resolves to '127.0.0.1';
2016-01-08 21:44:04 1677 [Note] Server socket created on IP: '127.0.0.1'.
2016-01-08 21:44:05 1677 [Note] Event Scheduler: Loaded 0 events
2016-01-08 21:44:05 1677 [Note] /opt/bitnami/mysql/bin/mysqld.bin: ready for connections.
Version: '5.6.28'  socket: '/opt/bitnami/mysql/tmp/mysql.sock'  port: 3306  MySQL Community Server (GPL)
